1658628526357:aaa
1658628553919:echo
1658628561413:echo aa
1658628565320:echo   aa
1658628569509:echo   aa    aaa
1658632527611:report
1658632534625:dd
1658632540027:help
1658632560994:place
1658632574136:place xxxxx
1658632580939:report
1658632663706:place adasdasd
1658632667439:place xxxx
1658632669338:report
1658632696643:help
1658632702177:clear
1658632704766:help
1658632711236:history
1658632716441:help
1658634599180:report
1658634609228:place
1658634617545:help
1658634622952:place
1658634631532:stacktrace
1658634639655:clear
1658634641037:cls
1658634642774:clear
1658634645207:place 1
1658634665600:place 1,2
1658634689307:place 1,1,dd
1658634693487:place 1,1,east
1658634708296:place 1,1,EAST
1658634711370:report
1658634720846:place 2,2,NORTH
1658634722898:report
1658634736262:exit
1658670022105:help
1658670037125:LEFT
1658670042236:RIGHT
1658670043871:MOVE
1658670045582:PLACE
1658670052618:PLACE 11,11
1658670220019:PLACE 11,11,DD
1658670249883:PLACE 11,11,NORTH
1658670258714:PLACE 4,4,NORTH
1658670269935:REPORT
1658670280463:MOVE
1658670282824:report
1658670424520:PLACE 11,11,DD
1658670428262:help
1658670435623:PLACE
1658670481010:PLACE 1,s
1658670494368:help PLACE
1658670529902:help MOVE
